ERROR - 2026-07-21 08:08:40 --> Unable to prepare statement: no such table: promotions_transferts
in SYSTEMPATH/Database/SQLite3/Connection.php on line 164.
 1 SYSTEMPATH/Database/SQLite3/Connection.php(164): SQLite3->query()
 2 SYSTEMPATH/Database/BaseConnection.php(910): CodeIgniter\Database\SQLite3\Connection->execute()
 3 SYSTEMPATH/Database/BaseConnection.php(827): CodeIgniter\Database\BaseConnection->simpleQuery()
 4 SYSTEMPATH/Database/BaseBuilder.php(1649): CodeIgniter\Database\BaseConnection->query()
 5 APPPATH/Models/Promotion.php(43): CodeIgniter\Database\BaseBuilder->get()
 6 APPPATH/Models/Transfert.php(123): App\Models\Promotion->getPromotionApplicable()
 7 APPPATH/Controllers/TransfertController.php(254): App\Models\Transfert->calculerFraisTransfert()
 8 SYSTEMPATH/CodeIgniter.php(951): App\Controllers\TransfertController->calculerFraisApi()
 9 SYSTEMPATH/CodeIgniter.php(497): CodeIgniter\CodeIgniter->runController()
10 SYSTEMPATH/CodeIgniter.php(340): CodeIgniter\CodeIgniter->handleRequest()
11 SYSTEMPATH/Boot.php(417): CodeIgniter\CodeIgniter->run()
12 SYSTEMPATH/Boot.php(68): CodeIgniter\Boot::runCodeIgniter()
13 FCPATH/index.php(59): CodeIgniter\Boot::bootWeb()
14 SYSTEMPATH/rewrite.php(44): require_once('/home/tommy/Documents/S4/Systeme d\'information (Mr Rojo)/itu.s4.SysInfo.Final_s4/public/index.php')
CRITICAL - 2026-07-21 08:08:40 --> CodeIgniter\Database\Exceptions\DatabaseException: Unable to prepare statement: no such table: promotions_transferts
[Method: GET, Route: transfert/calculer-frais]
in SYSTEMPATH/Database/BaseConnection.php on line 865.
 1 SYSTEMPATH/Database/BaseBuilder.php(1649): CodeIgniter\Database\BaseConnection->query()
 2 APPPATH/Models/Promotion.php(43): CodeIgniter\Database\BaseBuilder->get()
 3 APPPATH/Models/Transfert.php(123): App\Models\Promotion->getPromotionApplicable()
 4 APPPATH/Controllers/TransfertController.php(254): App\Models\Transfert->calculerFraisTransfert()
 5 SYSTEMPATH/CodeIgniter.php(951): App\Controllers\TransfertController->calculerFraisApi()
 6 SYSTEMPATH/CodeIgniter.php(497): CodeIgniter\CodeIgniter->runController()
 7 SYSTEMPATH/CodeIgniter.php(340): CodeIgniter\CodeIgniter->handleRequest()
 8 SYSTEMPATH/Boot.php(417): CodeIgniter\CodeIgniter->run()
 9 SYSTEMPATH/Boot.php(68): CodeIgniter\Boot::runCodeIgniter()
10 FCPATH/index.php(59): CodeIgniter\Boot::bootWeb()
11 SYSTEMPATH/rewrite.php(44): require_once('/home/tommy/Documents/S4/Systeme d\'information (Mr Rojo)/itu.s4.SysInfo.Final_s4/public/index.php')
CRITICAL - 2026-07-21 08:08:40 --> [Caused by] CodeIgniter\Database\Exceptions\DatabaseException: Unable to prepare statement: no such table: promotions_transferts
in SYSTEMPATH/Database/SQLite3/Connection.php on line 174.
 1 SYSTEMPATH/Database/BaseConnection.php(910): CodeIgniter\Database\SQLite3\Connection->execute()
 2 SYSTEMPATH/Database/BaseConnection.php(827): CodeIgniter\Database\BaseConnection->simpleQuery()
 3 SYSTEMPATH/Database/BaseBuilder.php(1649): CodeIgniter\Database\BaseConnection->query()
 4 APPPATH/Models/Promotion.php(43): CodeIgniter\Database\BaseBuilder->get()
 5 APPPATH/Models/Transfert.php(123): App\Models\Promotion->getPromotionApplicable()
 6 APPPATH/Controllers/TransfertController.php(254): App\Models\Transfert->calculerFraisTransfert()
 7 SYSTEMPATH/CodeIgniter.php(951): App\Controllers\TransfertController->calculerFraisApi()
 8 SYSTEMPATH/CodeIgniter.php(497): CodeIgniter\CodeIgniter->runController()
 9 SYSTEMPATH/CodeIgniter.php(340): CodeIgniter\CodeIgniter->handleRequest()
10 SYSTEMPATH/Boot.php(417): CodeIgniter\CodeIgniter->run()
11 SYSTEMPATH/Boot.php(68): CodeIgniter\Boot::runCodeIgniter()
12 FCPATH/index.php(59): CodeIgniter\Boot::bootWeb()
13 SYSTEMPATH/rewrite.php(44): require_once('/home/tommy/Documents/S4/Systeme d\'information (Mr Rojo)/itu.s4.SysInfo.Final_s4/public/index.php')
CRITICAL - 2026-07-21 08:08:40 --> [Caused by] SQLite3Exception: Unable to prepare statement: no such table: promotions_transferts
in SYSTEMPATH/Database/SQLite3/Connection.php on line 164.
 1 SYSTEMPATH/Database/SQLite3/Connection.php(164): SQLite3->query()
 2 SYSTEMPATH/Database/BaseConnection.php(910): CodeIgniter\Database\SQLite3\Connection->execute()
 3 SYSTEMPATH/Database/BaseConnection.php(827): CodeIgniter\Database\BaseConnection->simpleQuery()
 4 SYSTEMPATH/Database/BaseBuilder.php(1649): CodeIgniter\Database\BaseConnection->query()
 5 APPPATH/Models/Promotion.php(43): CodeIgniter\Database\BaseBuilder->get()
 6 APPPATH/Models/Transfert.php(123): App\Models\Promotion->getPromotionApplicable()
 7 APPPATH/Controllers/TransfertController.php(254): App\Models\Transfert->calculerFraisTransfert()
 8 SYSTEMPATH/CodeIgniter.php(951): App\Controllers\TransfertController->calculerFraisApi()
 9 SYSTEMPATH/CodeIgniter.php(497): CodeIgniter\CodeIgniter->runController()
10 SYSTEMPATH/CodeIgniter.php(340): CodeIgniter\CodeIgniter->handleRequest()
11 SYSTEMPATH/Boot.php(417): CodeIgniter\CodeIgniter->run()
12 SYSTEMPATH/Boot.php(68): CodeIgniter\Boot::runCodeIgniter()
13 FCPATH/index.php(59): CodeIgniter\Boot::bootWeb()
14 SYSTEMPATH/rewrite.php(44): require_once('/home/tommy/Documents/S4/Systeme d\'information (Mr Rojo)/itu.s4.SysInfo.Final_s4/public/index.php')
ERROR - 2026-07-21 08:12:26 --> Unable to prepare statement: no such table: promotions_transferts
in SYSTEMPATH/Database/SQLite3/Connection.php on line 164.
 1 SYSTEMPATH/Database/SQLite3/Connection.php(164): SQLite3->query()
 2 SYSTEMPATH/Database/BaseConnection.php(910): CodeIgniter\Database\SQLite3\Connection->execute()
 3 SYSTEMPATH/Database/BaseConnection.php(827): CodeIgniter\Database\BaseConnection->simpleQuery()
 4 SYSTEMPATH/Database/BaseBuilder.php(1649): CodeIgniter\Database\BaseConnection->query()
 5 APPPATH/Models/Promotion.php(43): CodeIgniter\Database\BaseBuilder->get()
 6 APPPATH/Models/Transfert.php(123): App\Models\Promotion->getPromotionApplicable()
 7 APPPATH/Controllers/TransfertController.php(254): App\Models\Transfert->calculerFraisTransfert()
 8 SYSTEMPATH/CodeIgniter.php(951): App\Controllers\TransfertController->calculerFraisApi()
 9 SYSTEMPATH/CodeIgniter.php(497): CodeIgniter\CodeIgniter->runController()
10 SYSTEMPATH/CodeIgniter.php(340): CodeIgniter\CodeIgniter->handleRequest()
11 SYSTEMPATH/Boot.php(417): CodeIgniter\CodeIgniter->run()
12 SYSTEMPATH/Boot.php(68): CodeIgniter\Boot::runCodeIgniter()
13 FCPATH/index.php(59): CodeIgniter\Boot::bootWeb()
14 SYSTEMPATH/rewrite.php(44): require_once('/home/tommy/Documents/S4/Systeme d\'information (Mr Rojo)/itu.s4.SysInfo.Final_s4/public/index.php')
CRITICAL - 2026-07-21 08:12:26 --> CodeIgniter\Database\Exceptions\DatabaseException: Unable to prepare statement: no such table: promotions_transferts
[Method: GET, Route: transfert/calculer-frais]
in SYSTEMPATH/Database/BaseConnection.php on line 865.
 1 SYSTEMPATH/Database/BaseBuilder.php(1649): CodeIgniter\Database\BaseConnection->query()
 2 APPPATH/Models/Promotion.php(43): CodeIgniter\Database\BaseBuilder->get()
 3 APPPATH/Models/Transfert.php(123): App\Models\Promotion->getPromotionApplicable()
 4 APPPATH/Controllers/TransfertController.php(254): App\Models\Transfert->calculerFraisTransfert()
 5 SYSTEMPATH/CodeIgniter.php(951): App\Controllers\TransfertController->calculerFraisApi()
 6 SYSTEMPATH/CodeIgniter.php(497): CodeIgniter\CodeIgniter->runController()
 7 SYSTEMPATH/CodeIgniter.php(340): CodeIgniter\CodeIgniter->handleRequest()
 8 SYSTEMPATH/Boot.php(417): CodeIgniter\CodeIgniter->run()
 9 SYSTEMPATH/Boot.php(68): CodeIgniter\Boot::runCodeIgniter()
10 FCPATH/index.php(59): CodeIgniter\Boot::bootWeb()
11 SYSTEMPATH/rewrite.php(44): require_once('/home/tommy/Documents/S4/Systeme d\'information (Mr Rojo)/itu.s4.SysInfo.Final_s4/public/index.php')
CRITICAL - 2026-07-21 08:12:26 --> [Caused by] CodeIgniter\Database\Exceptions\DatabaseException: Unable to prepare statement: no such table: promotions_transferts
in SYSTEMPATH/Database/SQLite3/Connection.php on line 174.
 1 SYSTEMPATH/Database/BaseConnection.php(910): CodeIgniter\Database\SQLite3\Connection->execute()
 2 SYSTEMPATH/Database/BaseConnection.php(827): CodeIgniter\Database\BaseConnection->simpleQuery()
 3 SYSTEMPATH/Database/BaseBuilder.php(1649): CodeIgniter\Database\BaseConnection->query()
 4 APPPATH/Models/Promotion.php(43): CodeIgniter\Database\BaseBuilder->get()
 5 APPPATH/Models/Transfert.php(123): App\Models\Promotion->getPromotionApplicable()
 6 APPPATH/Controllers/TransfertController.php(254): App\Models\Transfert->calculerFraisTransfert()
 7 SYSTEMPATH/CodeIgniter.php(951): App\Controllers\TransfertController->calculerFraisApi()
 8 SYSTEMPATH/CodeIgniter.php(497): CodeIgniter\CodeIgniter->runController()
 9 SYSTEMPATH/CodeIgniter.php(340): CodeIgniter\CodeIgniter->handleRequest()
10 SYSTEMPATH/Boot.php(417): CodeIgniter\CodeIgniter->run()
11 SYSTEMPATH/Boot.php(68): CodeIgniter\Boot::runCodeIgniter()
12 FCPATH/index.php(59): CodeIgniter\Boot::bootWeb()
13 SYSTEMPATH/rewrite.php(44): require_once('/home/tommy/Documents/S4/Systeme d\'information (Mr Rojo)/itu.s4.SysInfo.Final_s4/public/index.php')
CRITICAL - 2026-07-21 08:12:26 --> [Caused by] SQLite3Exception: Unable to prepare statement: no such table: promotions_transferts
in SYSTEMPATH/Database/SQLite3/Connection.php on line 164.
 1 SYSTEMPATH/Database/SQLite3/Connection.php(164): SQLite3->query()
 2 SYSTEMPATH/Database/BaseConnection.php(910): CodeIgniter\Database\SQLite3\Connection->execute()
 3 SYSTEMPATH/Database/BaseConnection.php(827): CodeIgniter\Database\BaseConnection->simpleQuery()
 4 SYSTEMPATH/Database/BaseBuilder.php(1649): CodeIgniter\Database\BaseConnection->query()
 5 APPPATH/Models/Promotion.php(43): CodeIgniter\Database\BaseBuilder->get()
 6 APPPATH/Models/Transfert.php(123): App\Models\Promotion->getPromotionApplicable()
 7 APPPATH/Controllers/TransfertController.php(254): App\Models\Transfert->calculerFraisTransfert()
 8 SYSTEMPATH/CodeIgniter.php(951): App\Controllers\TransfertController->calculerFraisApi()
 9 SYSTEMPATH/CodeIgniter.php(497): CodeIgniter\CodeIgniter->runController()
10 SYSTEMPATH/CodeIgniter.php(340): CodeIgniter\CodeIgniter->handleRequest()
11 SYSTEMPATH/Boot.php(417): CodeIgniter\CodeIgniter->run()
12 SYSTEMPATH/Boot.php(68): CodeIgniter\Boot::runCodeIgniter()
13 FCPATH/index.php(59): CodeIgniter\Boot::bootWeb()
14 SYSTEMPATH/rewrite.php(44): require_once('/home/tommy/Documents/S4/Systeme d\'information (Mr Rojo)/itu.s4.SysInfo.Final_s4/public/index.php')
ERROR - 2026-07-21 08:12:30 --> Unable to prepare statement: no such table: promotions_transferts
in SYSTEMPATH/Database/SQLite3/Connection.php on line 164.
 1 SYSTEMPATH/Database/SQLite3/Connection.php(164): SQLite3->query()
 2 SYSTEMPATH/Database/BaseConnection.php(910): CodeIgniter\Database\SQLite3\Connection->execute()
 3 SYSTEMPATH/Database/BaseConnection.php(827): CodeIgniter\Database\BaseConnection->simpleQuery()
 4 SYSTEMPATH/Database/BaseBuilder.php(1649): CodeIgniter\Database\BaseConnection->query()
 5 APPPATH/Models/Promotion.php(43): CodeIgniter\Database\BaseBuilder->get()
 6 APPPATH/Models/Transfert.php(123): App\Models\Promotion->getPromotionApplicable()
 7 APPPATH/Controllers/TransfertController.php(254): App\Models\Transfert->calculerFraisTransfert()
 8 SYSTEMPATH/CodeIgniter.php(951): App\Controllers\TransfertController->calculerFraisApi()
 9 SYSTEMPATH/CodeIgniter.php(497): CodeIgniter\CodeIgniter->runController()
10 SYSTEMPATH/CodeIgniter.php(340): CodeIgniter\CodeIgniter->handleRequest()
11 SYSTEMPATH/Boot.php(417): CodeIgniter\CodeIgniter->run()
12 SYSTEMPATH/Boot.php(68): CodeIgniter\Boot::runCodeIgniter()
13 FCPATH/index.php(59): CodeIgniter\Boot::bootWeb()
14 SYSTEMPATH/rewrite.php(44): require_once('/home/tommy/Documents/S4/Systeme d\'information (Mr Rojo)/itu.s4.SysInfo.Final_s4/public/index.php')
CRITICAL - 2026-07-21 08:12:30 --> CodeIgniter\Database\Exceptions\DatabaseException: Unable to prepare statement: no such table: promotions_transferts
[Method: GET, Route: transfert/calculer-frais]
in SYSTEMPATH/Database/BaseConnection.php on line 865.
 1 SYSTEMPATH/Database/BaseBuilder.php(1649): CodeIgniter\Database\BaseConnection->query()
 2 APPPATH/Models/Promotion.php(43): CodeIgniter\Database\BaseBuilder->get()
 3 APPPATH/Models/Transfert.php(123): App\Models\Promotion->getPromotionApplicable()
 4 APPPATH/Controllers/TransfertController.php(254): App\Models\Transfert->calculerFraisTransfert()
 5 SYSTEMPATH/CodeIgniter.php(951): App\Controllers\TransfertController->calculerFraisApi()
 6 SYSTEMPATH/CodeIgniter.php(497): CodeIgniter\CodeIgniter->runController()
 7 SYSTEMPATH/CodeIgniter.php(340): CodeIgniter\CodeIgniter->handleRequest()
 8 SYSTEMPATH/Boot.php(417): CodeIgniter\CodeIgniter->run()
 9 SYSTEMPATH/Boot.php(68): CodeIgniter\Boot::runCodeIgniter()
10 FCPATH/index.php(59): CodeIgniter\Boot::bootWeb()
11 SYSTEMPATH/rewrite.php(44): require_once('/home/tommy/Documents/S4/Systeme d\'information (Mr Rojo)/itu.s4.SysInfo.Final_s4/public/index.php')
CRITICAL - 2026-07-21 08:12:30 --> [Caused by] CodeIgniter\Database\Exceptions\DatabaseException: Unable to prepare statement: no such table: promotions_transferts
in SYSTEMPATH/Database/SQLite3/Connection.php on line 174.
 1 SYSTEMPATH/Database/BaseConnection.php(910): CodeIgniter\Database\SQLite3\Connection->execute()
 2 SYSTEMPATH/Database/BaseConnection.php(827): CodeIgniter\Database\BaseConnection->simpleQuery()
 3 SYSTEMPATH/Database/BaseBuilder.php(1649): CodeIgniter\Database\BaseConnection->query()
 4 APPPATH/Models/Promotion.php(43): CodeIgniter\Database\BaseBuilder->get()
 5 APPPATH/Models/Transfert.php(123): App\Models\Promotion->getPromotionApplicable()
 6 APPPATH/Controllers/TransfertController.php(254): App\Models\Transfert->calculerFraisTransfert()
 7 SYSTEMPATH/CodeIgniter.php(951): App\Controllers\TransfertController->calculerFraisApi()
 8 SYSTEMPATH/CodeIgniter.php(497): CodeIgniter\CodeIgniter->runController()
 9 SYSTEMPATH/CodeIgniter.php(340): CodeIgniter\CodeIgniter->handleRequest()
10 SYSTEMPATH/Boot.php(417): CodeIgniter\CodeIgniter->run()
11 SYSTEMPATH/Boot.php(68): CodeIgniter\Boot::runCodeIgniter()
12 FCPATH/index.php(59): CodeIgniter\Boot::bootWeb()
13 SYSTEMPATH/rewrite.php(44): require_once('/home/tommy/Documents/S4/Systeme d\'information (Mr Rojo)/itu.s4.SysInfo.Final_s4/public/index.php')
CRITICAL - 2026-07-21 08:12:30 --> [Caused by] SQLite3Exception: Unable to prepare statement: no such table: promotions_transferts
in SYSTEMPATH/Database/SQLite3/Connection.php on line 164.
 1 SYSTEMPATH/Database/SQLite3/Connection.php(164): SQLite3->query()
 2 SYSTEMPATH/Database/BaseConnection.php(910): CodeIgniter\Database\SQLite3\Connection->execute()
 3 SYSTEMPATH/Database/BaseConnection.php(827): CodeIgniter\Database\BaseConnection->simpleQuery()
 4 SYSTEMPATH/Database/BaseBuilder.php(1649): CodeIgniter\Database\BaseConnection->query()
 5 APPPATH/Models/Promotion.php(43): CodeIgniter\Database\BaseBuilder->get()
 6 APPPATH/Models/Transfert.php(123): App\Models\Promotion->getPromotionApplicable()
 7 APPPATH/Controllers/TransfertController.php(254): App\Models\Transfert->calculerFraisTransfert()
 8 SYSTEMPATH/CodeIgniter.php(951): App\Controllers\TransfertController->calculerFraisApi()
 9 SYSTEMPATH/CodeIgniter.php(497): CodeIgniter\CodeIgniter->runController()
10 SYSTEMPATH/CodeIgniter.php(340): CodeIgniter\CodeIgniter->handleRequest()
11 SYSTEMPATH/Boot.php(417): CodeIgniter\CodeIgniter->run()
12 SYSTEMPATH/Boot.php(68): CodeIgniter\Boot::runCodeIgniter()
13 FCPATH/index.php(59): CodeIgniter\Boot::bootWeb()
14 SYSTEMPATH/rewrite.php(44): require_once('/home/tommy/Documents/S4/Systeme d\'information (Mr Rojo)/itu.s4.SysInfo.Final_s4/public/index.php')
ERROR - 2026-07-21 08:12:31 --> Unable to prepare statement: no such table: promotions_transferts
in SYSTEMPATH/Database/SQLite3/Connection.php on line 164.
 1 SYSTEMPATH/Database/SQLite3/Connection.php(164): SQLite3->query()
 2 SYSTEMPATH/Database/BaseConnection.php(910): CodeIgniter\Database\SQLite3\Connection->execute()
 3 SYSTEMPATH/Database/BaseConnection.php(827): CodeIgniter\Database\BaseConnection->simpleQuery()
 4 SYSTEMPATH/Database/BaseBuilder.php(1649): CodeIgniter\Database\BaseConnection->query()
 5 APPPATH/Models/Promotion.php(43): CodeIgniter\Database\BaseBuilder->get()
 6 APPPATH/Models/Transfert.php(123): App\Models\Promotion->getPromotionApplicable()
 7 APPPATH/Controllers/TransfertController.php(254): App\Models\Transfert->calculerFraisTransfert()
 8 SYSTEMPATH/CodeIgniter.php(951): App\Controllers\TransfertController->calculerFraisApi()
 9 SYSTEMPATH/CodeIgniter.php(497): CodeIgniter\CodeIgniter->runController()
10 SYSTEMPATH/CodeIgniter.php(340): CodeIgniter\CodeIgniter->handleRequest()
11 SYSTEMPATH/Boot.php(417): CodeIgniter\CodeIgniter->run()
12 SYSTEMPATH/Boot.php(68): CodeIgniter\Boot::runCodeIgniter()
13 FCPATH/index.php(59): CodeIgniter\Boot::bootWeb()
14 SYSTEMPATH/rewrite.php(44): require_once('/home/tommy/Documents/S4/Systeme d\'information (Mr Rojo)/itu.s4.SysInfo.Final_s4/public/index.php')
CRITICAL - 2026-07-21 08:12:31 --> CodeIgniter\Database\Exceptions\DatabaseException: Unable to prepare statement: no such table: promotions_transferts
[Method: GET, Route: transfert/calculer-frais]
in SYSTEMPATH/Database/BaseConnection.php on line 865.
 1 SYSTEMPATH/Database/BaseBuilder.php(1649): CodeIgniter\Database\BaseConnection->query()
 2 APPPATH/Models/Promotion.php(43): CodeIgniter\Database\BaseBuilder->get()
 3 APPPATH/Models/Transfert.php(123): App\Models\Promotion->getPromotionApplicable()
 4 APPPATH/Controllers/TransfertController.php(254): App\Models\Transfert->calculerFraisTransfert()
 5 SYSTEMPATH/CodeIgniter.php(951): App\Controllers\TransfertController->calculerFraisApi()
 6 SYSTEMPATH/CodeIgniter.php(497): CodeIgniter\CodeIgniter->runController()
 7 SYSTEMPATH/CodeIgniter.php(340): CodeIgniter\CodeIgniter->handleRequest()
 8 SYSTEMPATH/Boot.php(417): CodeIgniter\CodeIgniter->run()
 9 SYSTEMPATH/Boot.php(68): CodeIgniter\Boot::runCodeIgniter()
10 FCPATH/index.php(59): CodeIgniter\Boot::bootWeb()
11 SYSTEMPATH/rewrite.php(44): require_once('/home/tommy/Documents/S4/Systeme d\'information (Mr Rojo)/itu.s4.SysInfo.Final_s4/public/index.php')
CRITICAL - 2026-07-21 08:12:31 --> [Caused by] CodeIgniter\Database\Exceptions\DatabaseException: Unable to prepare statement: no such table: promotions_transferts
in SYSTEMPATH/Database/SQLite3/Connection.php on line 174.
 1 SYSTEMPATH/Database/BaseConnection.php(910): CodeIgniter\Database\SQLite3\Connection->execute()
 2 SYSTEMPATH/Database/BaseConnection.php(827): CodeIgniter\Database\BaseConnection->simpleQuery()
 3 SYSTEMPATH/Database/BaseBuilder.php(1649): CodeIgniter\Database\BaseConnection->query()
 4 APPPATH/Models/Promotion.php(43): CodeIgniter\Database\BaseBuilder->get()
 5 APPPATH/Models/Transfert.php(123): App\Models\Promotion->getPromotionApplicable()
 6 APPPATH/Controllers/TransfertController.php(254): App\Models\Transfert->calculerFraisTransfert()
 7 SYSTEMPATH/CodeIgniter.php(951): App\Controllers\TransfertController->calculerFraisApi()
 8 SYSTEMPATH/CodeIgniter.php(497): CodeIgniter\CodeIgniter->runController()
 9 SYSTEMPATH/CodeIgniter.php(340): CodeIgniter\CodeIgniter->handleRequest()
10 SYSTEMPATH/Boot.php(417): CodeIgniter\CodeIgniter->run()
11 SYSTEMPATH/Boot.php(68): CodeIgniter\Boot::runCodeIgniter()
12 FCPATH/index.php(59): CodeIgniter\Boot::bootWeb()
13 SYSTEMPATH/rewrite.php(44): require_once('/home/tommy/Documents/S4/Systeme d\'information (Mr Rojo)/itu.s4.SysInfo.Final_s4/public/index.php')
CRITICAL - 2026-07-21 08:12:31 --> [Caused by] SQLite3Exception: Unable to prepare statement: no such table: promotions_transferts
in SYSTEMPATH/Database/SQLite3/Connection.php on line 164.
 1 SYSTEMPATH/Database/SQLite3/Connection.php(164): SQLite3->query()
 2 SYSTEMPATH/Database/BaseConnection.php(910): CodeIgniter\Database\SQLite3\Connection->execute()
 3 SYSTEMPATH/Database/BaseConnection.php(827): CodeIgniter\Database\BaseConnection->simpleQuery()
 4 SYSTEMPATH/Database/BaseBuilder.php(1649): CodeIgniter\Database\BaseConnection->query()
 5 APPPATH/Models/Promotion.php(43): CodeIgniter\Database\BaseBuilder->get()
 6 APPPATH/Models/Transfert.php(123): App\Models\Promotion->getPromotionApplicable()
 7 APPPATH/Controllers/TransfertController.php(254): App\Models\Transfert->calculerFraisTransfert()
 8 SYSTEMPATH/CodeIgniter.php(951): App\Controllers\TransfertController->calculerFraisApi()
 9 SYSTEMPATH/CodeIgniter.php(497): CodeIgniter\CodeIgniter->runController()
10 SYSTEMPATH/CodeIgniter.php(340): CodeIgniter\CodeIgniter->handleRequest()
11 SYSTEMPATH/Boot.php(417): CodeIgniter\CodeIgniter->run()
12 SYSTEMPATH/Boot.php(68): CodeIgniter\Boot::runCodeIgniter()
13 FCPATH/index.php(59): CodeIgniter\Boot::bootWeb()
14 SYSTEMPATH/rewrite.php(44): require_once('/home/tommy/Documents/S4/Systeme d\'information (Mr Rojo)/itu.s4.SysInfo.Final_s4/public/index.php')
ERROR - 2026-07-21 08:12:33 --> Unable to prepare statement: no such table: promotions_transferts
in SYSTEMPATH/Database/SQLite3/Connection.php on line 164.
 1 SYSTEMPATH/Database/SQLite3/Connection.php(164): SQLite3->query()
 2 SYSTEMPATH/Database/BaseConnection.php(910): CodeIgniter\Database\SQLite3\Connection->execute()
 3 SYSTEMPATH/Database/BaseConnection.php(827): CodeIgniter\Database\BaseConnection->simpleQuery()
 4 SYSTEMPATH/Database/BaseBuilder.php(1649): CodeIgniter\Database\BaseConnection->query()
 5 APPPATH/Models/Promotion.php(43): CodeIgniter\Database\BaseBuilder->get()
 6 APPPATH/Models/Transfert.php(123): App\Models\Promotion->getPromotionApplicable()
 7 APPPATH/Models/Transfert.php(310): App\Models\Transfert->calculerFraisTransfert()
 8 APPPATH/Controllers/TransfertController.php(134): App\Models\Transfert->effectuerTransfert()
 9 SYSTEMPATH/CodeIgniter.php(951): App\Controllers\TransfertController->transferer()
10 SYSTEMPATH/CodeIgniter.php(497): CodeIgniter\CodeIgniter->runController()
11 SYSTEMPATH/CodeIgniter.php(340): CodeIgniter\CodeIgniter->handleRequest()
12 SYSTEMPATH/Boot.php(417): CodeIgniter\CodeIgniter->run()
13 SYSTEMPATH/Boot.php(68): CodeIgniter\Boot::runCodeIgniter()
14 FCPATH/index.php(59): CodeIgniter\Boot::bootWeb()
15 SYSTEMPATH/rewrite.php(44): require_once('/home/tommy/Documents/S4/Systeme d\'information (Mr Rojo)/itu.s4.SysInfo.Final_s4/public/index.php')
CRITICAL - 2026-07-21 08:12:33 --> CodeIgniter\Database\Exceptions\DatabaseException: Unable to prepare statement: no such table: promotions_transferts
[Method: POST, Route: transfert]
in SYSTEMPATH/Database/BaseConnection.php on line 865.
 1 SYSTEMPATH/Database/BaseBuilder.php(1649): CodeIgniter\Database\BaseConnection->query()
 2 APPPATH/Models/Promotion.php(43): CodeIgniter\Database\BaseBuilder->get()
 3 APPPATH/Models/Transfert.php(123): App\Models\Promotion->getPromotionApplicable()
 4 APPPATH/Models/Transfert.php(310): App\Models\Transfert->calculerFraisTransfert()
 5 APPPATH/Controllers/TransfertController.php(134): App\Models\Transfert->effectuerTransfert()
 6 SYSTEMPATH/CodeIgniter.php(951): App\Controllers\TransfertController->transferer()
 7 SYSTEMPATH/CodeIgniter.php(497): CodeIgniter\CodeIgniter->runController()
 8 SYSTEMPATH/CodeIgniter.php(340): CodeIgniter\CodeIgniter->handleRequest()
 9 SYSTEMPATH/Boot.php(417): CodeIgniter\CodeIgniter->run()
10 SYSTEMPATH/Boot.php(68): CodeIgniter\Boot::runCodeIgniter()
11 FCPATH/index.php(59): CodeIgniter\Boot::bootWeb()
12 SYSTEMPATH/rewrite.php(44): require_once('/home/tommy/Documents/S4/Systeme d\'information (Mr Rojo)/itu.s4.SysInfo.Final_s4/public/index.php')
CRITICAL - 2026-07-21 08:12:33 --> [Caused by] CodeIgniter\Database\Exceptions\DatabaseException: Unable to prepare statement: no such table: promotions_transferts
in SYSTEMPATH/Database/SQLite3/Connection.php on line 174.
 1 SYSTEMPATH/Database/BaseConnection.php(910): CodeIgniter\Database\SQLite3\Connection->execute()
 2 SYSTEMPATH/Database/BaseConnection.php(827): CodeIgniter\Database\BaseConnection->simpleQuery()
 3 SYSTEMPATH/Database/BaseBuilder.php(1649): CodeIgniter\Database\BaseConnection->query()
 4 APPPATH/Models/Promotion.php(43): CodeIgniter\Database\BaseBuilder->get()
 5 APPPATH/Models/Transfert.php(123): App\Models\Promotion->getPromotionApplicable()
 6 APPPATH/Models/Transfert.php(310): App\Models\Transfert->calculerFraisTransfert()
 7 APPPATH/Controllers/TransfertController.php(134): App\Models\Transfert->effectuerTransfert()
 8 SYSTEMPATH/CodeIgniter.php(951): App\Controllers\TransfertController->transferer()
 9 SYSTEMPATH/CodeIgniter.php(497): CodeIgniter\CodeIgniter->runController()
10 SYSTEMPATH/CodeIgniter.php(340): CodeIgniter\CodeIgniter->handleRequest()
11 SYSTEMPATH/Boot.php(417): CodeIgniter\CodeIgniter->run()
12 SYSTEMPATH/Boot.php(68): CodeIgniter\Boot::runCodeIgniter()
13 FCPATH/index.php(59): CodeIgniter\Boot::bootWeb()
14 SYSTEMPATH/rewrite.php(44): require_once('/home/tommy/Documents/S4/Systeme d\'information (Mr Rojo)/itu.s4.SysInfo.Final_s4/public/index.php')
CRITICAL - 2026-07-21 08:12:33 --> [Caused by] SQLite3Exception: Unable to prepare statement: no such table: promotions_transferts
in SYSTEMPATH/Database/SQLite3/Connection.php on line 164.
 1 SYSTEMPATH/Database/SQLite3/Connection.php(164): SQLite3->query()
 2 SYSTEMPATH/Database/BaseConnection.php(910): CodeIgniter\Database\SQLite3\Connection->execute()
 3 SYSTEMPATH/Database/BaseConnection.php(827): CodeIgniter\Database\BaseConnection->simpleQuery()
 4 SYSTEMPATH/Database/BaseBuilder.php(1649): CodeIgniter\Database\BaseConnection->query()
 5 APPPATH/Models/Promotion.php(43): CodeIgniter\Database\BaseBuilder->get()
 6 APPPATH/Models/Transfert.php(123): App\Models\Promotion->getPromotionApplicable()
 7 APPPATH/Models/Transfert.php(310): App\Models\Transfert->calculerFraisTransfert()
 8 APPPATH/Controllers/TransfertController.php(134): App\Models\Transfert->effectuerTransfert()
 9 SYSTEMPATH/CodeIgniter.php(951): App\Controllers\TransfertController->transferer()
10 SYSTEMPATH/CodeIgniter.php(497): CodeIgniter\CodeIgniter->runController()
11 SYSTEMPATH/CodeIgniter.php(340): CodeIgniter\CodeIgniter->handleRequest()
12 SYSTEMPATH/Boot.php(417): CodeIgniter\CodeIgniter->run()
13 SYSTEMPATH/Boot.php(68): CodeIgniter\Boot::runCodeIgniter()
14 FCPATH/index.php(59): CodeIgniter\Boot::bootWeb()
15 SYSTEMPATH/rewrite.php(44): require_once('/home/tommy/Documents/S4/Systeme d\'information (Mr Rojo)/itu.s4.SysInfo.Final_s4/public/index.php')
CRITICAL - 2026-07-21 08:15:18 --> TypeError: Unsupported operand types: float - string
[Method: POST, Route: transfert]
in APPPATH/Models/Transfert.php on line 350.
 1 APPPATH/Controllers/TransfertController.php(134): App\Models\Transfert->effectuerTransfert()
 2 SYSTEMPATH/CodeIgniter.php(951): App\Controllers\TransfertController->transferer()
 3 SYSTEMPATH/CodeIgniter.php(497): CodeIgniter\CodeIgniter->runController()
 4 SYSTEMPATH/CodeIgniter.php(340): CodeIgniter\CodeIgniter->handleRequest()
 5 SYSTEMPATH/Boot.php(417): CodeIgniter\CodeIgniter->run()
 6 SYSTEMPATH/Boot.php(68): CodeIgniter\Boot::runCodeIgniter()
 7 FCPATH/index.php(59): CodeIgniter\Boot::bootWeb()
 8 SYSTEMPATH/rewrite.php(44): require_once('/home/tommy/Documents/S4/Systeme d\'information (Mr Rojo)/itu.s4.SysInfo.Final_s4/public/index.php')
CRITICAL - 2026-07-21 08:21:51 --> TypeError: Unsupported operand types: float - string
[Method: POST, Route: transfert]
in APPPATH/Models/Transfert.php on line 351.
 1 APPPATH/Controllers/TransfertController.php(134): App\Models\Transfert->effectuerTransfert()
 2 SYSTEMPATH/CodeIgniter.php(951): App\Controllers\TransfertController->transferer()
 3 SYSTEMPATH/CodeIgniter.php(497): CodeIgniter\CodeIgniter->runController()
 4 SYSTEMPATH/CodeIgniter.php(340): CodeIgniter\CodeIgniter->handleRequest()
 5 SYSTEMPATH/Boot.php(417): CodeIgniter\CodeIgniter->run()
 6 SYSTEMPATH/Boot.php(68): CodeIgniter\Boot::runCodeIgniter()
 7 FCPATH/index.php(59): CodeIgniter\Boot::bootWeb()
 8 SYSTEMPATH/rewrite.php(44): require_once('/home/tommy/Documents/S4/Systeme d\'information (Mr Rojo)/itu.s4.SysInfo.Final_s4/public/index.php')
CRITICAL - 2026-07-21 08:22:12 --> TypeError: Unsupported operand types: float - string
[Method: POST, Route: transfert]
in APPPATH/Models/Transfert.php on line 351.
 1 APPPATH/Controllers/TransfertController.php(134): App\Models\Transfert->effectuerTransfert()
 2 SYSTEMPATH/CodeIgniter.php(951): App\Controllers\TransfertController->transferer()
 3 SYSTEMPATH/CodeIgniter.php(497): CodeIgniter\CodeIgniter->runController()
 4 SYSTEMPATH/CodeIgniter.php(340): CodeIgniter\CodeIgniter->handleRequest()
 5 SYSTEMPATH/Boot.php(417): CodeIgniter\CodeIgniter->run()
 6 SYSTEMPATH/Boot.php(68): CodeIgniter\Boot::runCodeIgniter()
 7 FCPATH/index.php(59): CodeIgniter\Boot::bootWeb()
 8 SYSTEMPATH/rewrite.php(44): require_once('/home/tommy/Documents/S4/Systeme d\'information (Mr Rojo)/itu.s4.SysInfo.Final_s4/public/index.php')
CRITICAL - 2026-07-21 08:23:04 --> TypeError: Unsupported operand types: float - string
[Method: POST, Route: transfert]
in APPPATH/Models/Transfert.php on line 349.
 1 APPPATH/Controllers/TransfertController.php(134): App\Models\Transfert->effectuerTransfert()
 2 SYSTEMPATH/CodeIgniter.php(951): App\Controllers\TransfertController->transferer()
 3 SYSTEMPATH/CodeIgniter.php(497): CodeIgniter\CodeIgniter->runController()
 4 SYSTEMPATH/CodeIgniter.php(340): CodeIgniter\CodeIgniter->handleRequest()
 5 SYSTEMPATH/Boot.php(417): CodeIgniter\CodeIgniter->run()
 6 SYSTEMPATH/Boot.php(68): CodeIgniter\Boot::runCodeIgniter()
 7 FCPATH/index.php(59): CodeIgniter\Boot::bootWeb()
 8 SYSTEMPATH/rewrite.php(44): require_once('/home/tommy/Documents/S4/Systeme d\'information (Mr Rojo)/itu.s4.SysInfo.Final_s4/public/index.php')
